<?xml version="1.0" encoding="UTF-8"?>
<testng-results ignored="0" total="2" passed="2" failed="0" skipped="0">
  <reporter-output>
  </reporter-output>
  <suite started-at="2025-03-15T09:53:40 IST" name="Suite" finished-at="2025-03-15T09:53:56 IST" duration-ms="16491">
    <groups>
    </groups>
    <test started-at="2025-03-15T09:53:40 IST" name="Test" finished-at="2025-03-15T09:53:56 IST" duration-ms="16491">
      <class name="testng.HRMSDemo">
        <test-method is-config="true" signature="readData()[pri:0, instance:testng.HRMSDemo@1189dd52]" started-at="2025-03-15T09:53:40 IST" name="readData" finished-at="2025-03-15T09:53:40 IST" duration-ms="6" status="PASS">
          <reporter-output>
          </reporter-output>
        </test-method> <!-- readData -->
        <test-method signature="data()[pri:0, instance:testng.HRMSDemo@1189dd52]" started-at="2025-03-15T09:53:40 IST" name="data" finished-at="2025-03-15T09:53:40 IST" duration-ms="3" status="PASS">
          <reporter-output>
          </reporter-output>
        </test-method> <!-- data -->
        <test-method signature="login()[pri:0, instance:testng.HRMSDemo@1189dd52]" started-at="2025-03-15T09:53:40 IST" name="login" finished-at="2025-03-15T09:53:56 IST" duration-ms="16461" status="PASS">
          <reporter-output>
          </reporter-output>
        </test-method> <!-- login -->
      </class> <!-- testng.HRMSDemo -->
    </test> <!-- Test -->
  </suite> <!-- Suite -->
</testng-results>
